<?xml version="1.0" encoding="UTF-8"?>
<testng-results ignored="0" total="1" passed="1" failed="0" skipped="0">
  <reporter-output>
  </reporter-output>
  <suite started-at="2023-05-22T21:38:53 IST" name="Default suite" finished-at="2023-05-22T21:39:02 IST" duration-ms="8665">
    <groups>
    </groups>
    <test started-at="2023-05-22T21:38:53 IST" name="Default test" finished-at="2023-05-22T21:39:02 IST" duration-ms="8665">
      <class name="com.package2.Login">
        <test-method signature="login_test()[pri:0, instance:com.package2.Login@5f058f00]" started-at="2023-05-22T21:38:53 IST" name="login_test" finished-at="2023-05-22T21:39:02 IST" duration-ms="8629" status="PASS">
          <reporter-output>
          </reporter-output>
        </test-method> <!-- login_test -->
      </class> <!-- com.package2.Login -->
    </test> <!-- Default test -->
  </suite> <!-- Default suite -->
</testng-results>
